#
# There is insufficient memory for the Java Runtime Environment to continue.
# Native memory allocation (mmap) failed to map 264241152 bytes for G1 virtual space
# Possible reasons:
#   The system is out of physical RAM or swap space
#   The process is running with CompressedOops enabled, and the Java Heap may be blocking the growth of the native heap
# Possible solutions:
#   Reduce memory load on the system
#   Increase physical memory or swap space
#   Check if swap backing store is full
#   Decrease Java heap size (-Xmx/-Xms)
#   Decrease number of Java threads
#   Decrease Java thread stack sizes (-Xss)
#   Set larger code cache with -XX:ReservedCodeCacheSize=
#   JVM is running with Zero Based Compressed Oops mode in which the Java heap is
#     placed in the first 32GB address space. The Java Heap base address is the
#     maximum limit for the native heap growth. Please use -XX:HeapBaseMinAddress
#     to set the Java Heap base and to place the Java Heap above 32GB virtual address.
# This output file may be truncated or incomplete.
#
#  Out of Memory Error (os_windows.cpp:3528), pid=16516, tid=25400
#
# JRE version:  (20.0.1+9) (build )
# Java VM: OpenJDK 64-Bit Server VM (20.0.1+9-29, mixed mode, sharing, tiered, compressed oops, compressed class ptrs, g1 gc, windows-amd64)
# No core dump will be written. Minidumps are not enabled by default on client versions of Windows
#

---------------  S U M M A R Y ------------

Command Line: -javaagent:C:\Users\user\IntelliJ IDEA Community Edition 2023.1.4\lib\idea_rt.jar=54038:C:\Users\user\IntelliJ IDEA Community Edition 2023.1.4\bin -Dfile.encoding=UTF-8 -Dsun.stdout.encoding=UTF-8 -Dsun.stderr.encoding=UTF-8 org.udacity.vehicles.VehiclesApiApplication

Host: 11th Gen Intel(R) Core(TM) i5-1135G7 @ 2.40GHz, 8 cores, 15G,  Windows 10 , 64 bit Build 19041 (10.0.19041.3636)
Time: Thu Jan 11 17:50:22 2024 India Standard Time elapsed time: 0.011329 seconds (0d 0h 0m 0s)

---------------  T H R E A D  ---------------

Current thread (0x00000190e6e41280):  JavaThread "Unknown thread" [_thread_in_vm, id=25400, stack(0x0000002424100000,0x0000002424200000)]

Stack: [0x0000002424100000,0x0000002424200000]
Native frames: (J=compiled Java code, j=interpreted, Vv=VM code, C=native code)
V  [jvm.dll+0x6bb95a]
V  [jvm.dll+0x8485fa]
V  [jvm.dll+0x84a1f5]
V  [jvm.dll+0x84a8f3]
V  [jvm.dll+0x280b0f]
V  [jvm.dll+0x6b86e9]
V  [jvm.dll+0x6ad2da]
V  [jvm.dll+0x35adf5]
V  [jvm.dll+0x363016]
V  [jvm.dll+0x3b3b3e]
V  [jvm.dll+0x3b3dc5]
V  [jvm.dll+0x32b50a]
V  [jvm.dll+0x32c32b]
V  [jvm.dll+0x8112bf]
V  [jvm.dll+0x3c0d91]
V  [jvm.dll+0x7fcfe3]
V  [jvm.dll+0x44c76f]
V  [jvm.dll+0x44e0e1]
C  [jli.dll+0x5287]
C  [ucrtbase.dll+0x21bb2]
C  [KERNEL32.DLL+0x17344]
C  [ntdll.dll+0x526b1]


---------------  P R O C E S S  ---------------

Threads class SMR info:
_java_thread_list=0x00007ffd0cbda098, length=0, elements={
}

Java Threads: ( => current thread )

Other Threads:
  0x00000190e6eaeba0 WorkerThread "GC Thread#0" [stack: 0x0000002424200000,0x0000002424300000] [id=22872]
  0x00000190e6ebf670 ConcurrentGCThread "G1 Main Marker" [stack: 0x0000002424300000,0x0000002424400000] [id=17280]
  0x00000190e6ec00a0 WorkerThread "G1 Conc#0" [stack: 0x0000002424400000,0x0000002424500000] [id=23128]

[error occurred during error reporting (printing all threads), id 0xc0000005, EXCEPTION_ACCESS_VIOLATION (0xc0000005) at pc=0x00007ffd0c3beb47]
VM state: not at safepoint (not fully initialized)

VM Mutex/Monitor currently owned by a thread:  ([mutex/lock_event])
[0x00000190e6e3a8b0] Heap_lock - owner thread: 0x00000190e6e41280

Heap address: 0x0000000704400000, size: 4028 MB, Compressed Oops mode: Zero based, Oop shift amount: 3

CDS archive(s) mapped at: [0x0000000000000000-0x0000000000000000-0x0000000000000000), size 0, SharedBaseAddress: 0x0000000800000000, ArchiveRelocationMode: 0.
Narrow klass base: 0x0000000000000000, Narrow klass shift: 0, Narrow klass range: 0x0

GC Precious Log:
 CardTable entry size: 512
 Card Set container configuration: InlinePtr #cards 4 size 8 Array Of Cards #cards 16 size 48 Howl #buckets 8 coarsen threshold 3686 Howl Bitmap #cards 512 size 80 coarsen threshold 460 Card regions per heap region 1 cards per card region 4096

Heap:
 garbage-first heap   total 0K, used 0K [0x0000000704400000, 0x0000000800000000)
  region size 2048K, 0 young (0K), 0 survivors (0K)

[error occurred during error reporting (printing heap information), id 0xc0000005, EXCEPTION_ACCESS_VIOLATION (0xc0000005) at pc=0x00007ffd0c793c59]
GC Heap History (0 events):
No events

Dll operation events (1 events):
Event: 0.008 Loaded shared library C:\Users\user\.jdks\openjdk-20.0.1\bin\java.dll

Deoptimization events (0 events):
No events

Classes loaded (0 events):
No events

Classes unloaded (0 events):
No events

Classes redefined (0 events):
No events

Internal exceptions (0 events):
No events

VM Operations (0 events):
No events

Events (0 events):
No events


Dynamic libraries:
0x00007ff6992c0000 - 0x00007ff6992ce000 	C:\Users\user\.jdks\openjdk-20.0.1\bin\java.exe
0x00007ffd5b8d0000 - 0x00007ffd5bac8000 	C:\Windows\SYSTEM32\ntdll.dll
0x00007ffd59c80000 - 0x00007ffd59d3d000 	C:\Windows\System32\KERNEL32.DLL
0x00007ffd594a0000 - 0x00007ffd59796000 	C:\Windows\System32\KERNELBASE.dll
0x00007ffd59040000 - 0x00007ffd59140000 	C:\Windows\System32\ucrtbase.dll
0x00007ffd50910000 - 0x00007ffd50927000 	C:\Users\user\.jdks\openjdk-20.0.1\bin\jli.dll
0x00007ffd50bc0000 - 0x00007ffd50bdb000 	C:\Users\user\.jdks\openjdk-20.0.1\bin\VCRUNTIME140.dll
0x00007ffd5b580000 - 0x00007ffd5b71e000 	C:\Windows\System32\USER32.dll
0x00007ffd59350000 - 0x00007ffd59372000 	C:\Windows\System32\win32u.dll
0x00007ffd3a290000 - 0x00007ffd3a52a000 	C:\Windows\WinSxS\amd64_microsoft.windows.common-controls_6595b64144ccf1df_6.0.19041.3636_none_60b6a03d71f818d5\COMCTL32.dll
0x00007ffd5b780000 - 0x00007ffd5b7ac000 	C:\Windows\System32\GDI32.dll
0x00007ffd5a9b0000 - 0x00007ffd5aa4e000 	C:\Windows\System32\msvcrt.dll
0x00007ffd59380000 - 0x00007ffd5949a000 	C:\Windows\System32\gdi32full.dll
0x00007ffd59890000 - 0x00007ffd5992d000 	C:\Windows\System32\msvcp_win.dll
0x00007ffd5afe0000 - 0x00007ffd5b010000 	C:\Windows\System32\IMM32.DLL
0x00007ffd55ed0000 - 0x00007ffd55edc000 	C:\Users\user\.jdks\openjdk-20.0.1\bin\vcruntime140_1.dll
0x00007ffd38550000 - 0x00007ffd385de000 	C:\Users\user\.jdks\openjdk-20.0.1\bin\msvcp140.dll
0x00007ffd0c080000 - 0x00007ffd0cd17000 	C:\Users\user\.jdks\openjdk-20.0.1\bin\server\jvm.dll
0x00007ffd5ad90000 - 0x00007ffd5ae3f000 	C:\Windows\System32\ADVAPI32.dll
0x00007ffd5ab70000 - 0x00007ffd5ac0c000 	C:\Windows\System32\sechost.dll
0x00007ffd5b370000 - 0x00007ffd5b496000 	C:\Windows\System32\RPCRT4.dll
0x00007ffd35520000 - 0x00007ffd35529000 	C:\Windows\SYSTEM32\WSOCK32.dll
0x00007ffd57590000 - 0x00007ffd575b7000 	C:\Windows\SYSTEM32\WINMM.dll
0x00007ffd5aef0000 - 0x00007ffd5af5b000 	C:\Windows\System32\WS2_32.dll
0x00007ffd4c8b0000 - 0x00007ffd4c8ba000 	C:\Windows\SYSTEM32\VERSION.dll
0x00007ffd57800000 - 0x00007ffd57812000 	C:\Windows\SYSTEM32\kernel.appcore.dll
0x00007ffd55e90000 - 0x00007ffd55e9a000 	C:\Users\user\.jdks\openjdk-20.0.1\bin\jimage.dll
0x00007ffd57360000 - 0x00007ffd57544000 	C:\Windows\SYSTEM32\DBGHELP.DLL
0x00007ffd57550000 - 0x00007ffd57584000 	C:\Windows\SYSTEM32\dbgcore.DLL
0x00007ffd58fb0000 - 0x00007ffd59032000 	C:\Windows\System32\bcryptPrimitives.dll
0x00007ffd4fda0000 - 0x00007ffd4fdae000 	C:\Users\user\.jdks\openjdk-20.0.1\bin\instrument.dll
0x00007ffd4fa00000 - 0x00007ffd4fa26000 	C:\Users\user\.jdks\openjdk-20.0.1\bin\java.dll

dbghelp: loaded successfully - version: 4.0.5 - missing functions: none
symbol engine: initialized successfully - sym options: 0x614 - pdb path: .;C:\Users\user\.jdks\openjdk-20.0.1\bin;C:\Windows\SYSTEM32;C:\Windows\WinSxS\amd64_microsoft.windows.common-controls_6595b64144ccf1df_6.0.19041.3636_none_60b6a03d71f818d5;C:\Users\user\.jdks\openjdk-20.0.1\bin\server

VM Arguments:
jvm_args: -javaagent:C:\Users\user\IntelliJ IDEA Community Edition 2023.1.4\lib\idea_rt.jar=54038:C:\Users\user\IntelliJ IDEA Community Edition 2023.1.4\bin -Dfile.encoding=UTF-8 -Dsun.stdout.encoding=UTF-8 -Dsun.stderr.encoding=UTF-8 
java_command: org.udacity.vehicles.VehiclesApiApplication
java_class_path (initial): C:\Users\user\Desktop\Udacity Course\API\Vehicle\WebServicesandAPI\vehicles-api\target\classes;C:\Users\user\.m2\repository\org\springframework\boot\spring-boot-starter-data-jpa\2.7.17\spring-boot-starter-data-jpa-2.7.17.jar;C:\Users\user\.m2\repository\org\springframework\boot\spring-boot-starter-aop\2.7.17\spring-boot-starter-aop-2.7.17.jar;C:\Users\user\.m2\repository\org\aspectj\aspectjweaver\1.9.7\aspectjweaver-1.9.7.jar;C:\Users\user\.m2\repository\org\springframework\boot\spring-boot-starter-jdbc\2.7.17\spring-boot-starter-jdbc-2.7.17.jar;C:\Users\user\.m2\repository\com\zaxxer\HikariCP\4.0.3\HikariCP-4.0.3.jar;C:\Users\user\.m2\repository\org\springframework\spring-jdbc\5.3.30\spring-jdbc-5.3.30.jar;C:\Users\user\.m2\repository\jakarta\transaction\jakarta.transaction-api\1.3.3\jakarta.transaction-api-1.3.3.jar;C:\Users\user\.m2\repository\jakarta\persistence\jakarta.persistence-api\2.2.3\jakarta.persistence-api-2.2.3.jar;C:\Users\user\.m2\repository\org\hibernate\hibernate-core\5.6.15.Final\hibernate-core-5.6.15.Final.jar;C:\Users\user\.m2\repository\org\jboss\logging\jboss-logging\3.4.3.Final\jboss-logging-3.4.3.Final.jar;C:\Users\user\.m2\repository\net\bytebuddy\byte-buddy\1.12.23\byte-buddy-1.12.23.jar;C:\Users\user\.m2\repository\antlr\antlr\2.7.7\antlr-2.7.7.jar;C:\Users\user\.m2\repository\org\jboss\jandex\2.4.2.Final\jandex-2.4.2.Final.jar;C:\Users\user\.m2\repository\com\fasterxml\classmate\1.5.1\classmate-1.5.1.jar;C:\Users\user\.m2\repository\org\hibernate\common\hibernate-commons-annotations\5.1.2.Final\hibernate-commons-annotations-5.1.2.Final.jar;C:\Users\user\.m2\repository\org\glassfish\jaxb\jaxb-runtime\2.3.8\jaxb-runtime-2.3.8.jar;C:\Users\user\.m2\repository\org\glassfish\jaxb\txw2\2.3.8\txw2-2.3.8.jar;C:\Users\user\.m2\repository\com\sun\istack\istack-commons-runtime\3.0.12\istack-commons-runtime-3.0.12.jar;C:\Users\user\.m2\repository\org\springframework\data\spring-data-jpa\2.7.17\spring-data-jpa-2.7.17.jar;C:\Users\user\.m2\repository\org\springframework\data\spring-data-commons\2.7.17\spring-data-commons-2.7.17.jar;C:\Users\user\.m2\repository\org\springframework\spring-orm\5.3.30\spring-orm-5.3.30.jar;C:\Users\user\.m2\repository\org\springframework\spring-tx\5.3.30\spring-tx-5.3.30.jar;C:\Users\user\.m2\repository\org\springframework\spring-aspects\5.3.30\spring-aspects-5.3.30.jar;C:\Users\user\.m2\repository\org\springframework\hateoas\spring-hateoas\1.5.5\spring-hateoas-1.5.5.jar;C:\Users\user\.m2\repository\org\springframework\spring-aop\5.3.30\spring-aop-5.3.30.jar;C:\Users\user\.m2\repository\org\springframework\spring-beans\5.3.30\spring-beans-5.3.30.jar;C:\Users\user\.m2\repository\org\springframework\spring-context\5.3.30\spring-context-5.3.30.jar;C:\Users\user\.m2\repository\org\springframework\spring-expression\5.3.30\spring-expression-5.3.30.jar;C:\Users\user\.m2\repository\org\springframework\spring-core\5.3.30\spring-core-5.3.30.jar;C:\Users\user\.m2\repository\org\springframework\spring-jcl\5.3.30\spring-jcl-5.3.30.jar;C:\Users\user\.m2\repository\org\springframework\spring-web\5.3.30\spring-web-5.3.30.jar;C:\Users\user\.m2\repository\org\springframework\plugin\spring-plugin-core\2.0.0.RELEASE\spring-plugin-core-2.0.0.RELEASE.jar;C:\Users\user\.m2\repository\com\jayway\jsonpath\json-path\2.7.0\json-path-2.7.0.jar;C:\Users\user\.m2\repository\net\minidev\json-smart\2.4.11\json-smart-2.4.11.jar;C:\Users\user\.m2\repository\net\minidev\accessors-smart\2.4.11\accessors-smart-2.4.11.jar;C:\Users\user\.m2\repository\org\slf4j\slf4j-api\1.7.36\slf4j-api-1.7.36.jar;C:\Users\user\.m2\repository\org\springframework\boot\spring-boot-starter-validation\2.7.17\spring-boot-starter-validation-2.7.17.jar;C:\Users\user\.m2\repository\org\springframework\boot\spring-boot-starter\2.7.17\spring-boot-starter-2.7.17.jar;C:\Users\user\.m2\repository\org\springframework\boot\spring-boot-starter-logging\2.7.17\spring-boot-starter-logging-2.7.17.jar;C:\Users\user\.m2\repository\ch\qos\logback\logback-classic\1.2.12\logback-classic-1.2.12.jar;C:\Users\user\.m2\repository\ch\qos\logback\logback-core\1.2.12\logback-core-1.2.12.jar;C:\Users\user\.m2\repository\org\apache\logging\log4j\log4j-to-slf4j\2.17.2\log4j-to-slf4j-2.17.2.jar;C:\Users\user\.m2\repository\org\apache\logging\log4j\log4j-api\2.17.2\log4j-api-2.17.2.jar;C:\Users\user\.m2\repository\org\slf4j\jul-to-slf4j\1.7.36\jul-to-slf4j-1.7.36.jar;C:\Users\user\.m2\repository\org\yaml\snakeyaml\1.30\snakeyaml-1.30.jar;C:\Users\user\.m2\repository\org\apache\tomcat\embed\tomcat-embed-el\9.0.82\tomcat-embed-el-9.0.82.jar;C:\Users\user\.m2\repository\org\hibernate\validator\hibernate-validator\6.2.5.Final\hibernate-validator-6.2.5.Final.jar;C:\Users\user\.m2\repository\org\springframework\boot\spring-boot-starter-web\2.7.17\spring-boot-starter-web-2.7.17.jar;C:\Users\user\.m2\repository\org\springframework\boot\spring-boot-starter-json\2.7.17\spring-boot-starter-json-2.7.17.jar;C:\Users\user\.m2\repository\com\fasterxml\jackson\datatype\jackson-datatype-jdk8\2.13.5\jackson-datatype-jdk8-2.13.5.jar;C:\Users\user\.m2\repository\com\fasterxml\jackson\datatype\jackson-datatype-jsr310\2.13.5\jackson-datatype-jsr310-2.13.5.jar;C:\Users\user\.m2\repository\com\fasterxml\jackson\module\jackson-module-parameter-names\2.13.5\jackson-module-parameter-names-2.13.5.jar;C:\Users\user\.m2\repository\org\springframework\boot\spring-boot-starter-tomcat\2.7.17\spring-boot-starter-tomcat-2.7.17.jar;C:\Users\user\.m2\repository\org\apache\tomcat\embed\tomcat-embed-core\9.0.82\tomcat-embed-core-9.0.82.jar;C:\Users\user\.m2\repository\org\apache\tomcat\embed\tomcat-embed-websocket\9.0.82\tomcat-embed-websocket-9.0.82.jar;C:\Users\user\.m2\repository\org\springframework\spring-webmvc\5.3.30\spring-webmvc-5.3.30.jar;C:\Users\user\.m2\repository\org\springframework\boot\spring-boot-starter-webflux\2.7.17\spring-boot-starter-webflux-2.7.17.jar;C:\Users\user\.m2\repository\org\springframework\boot\spring-boot-starter-reactor-netty\2.7.17\spring-boot-starter-reactor-netty-2.7.17.jar;C:\Users\user\.m2\repository\io\projectreactor\netty\reactor-netty-http\1.0.38\reactor-netty-http-1.0.38.jar;C:\Users\user\.m2\repository\io\netty\netty-codec-http\4.1.100.Final\netty-codec-http-4.1.100.Final.jar;C:\Users\user\.m2\repository\io\netty\netty-common\4.1.100.Final\netty-common-4.1.100.Final.jar;C:\Users\user\.m2\repository\io\netty\netty-buffer\4.1.100.Final\netty-buffer-4.1.100.Final.jar;C:\Users\user\.m2\repository\io\netty\netty-transport\4.1.100.Final\netty-transport-4.1.100.Final.jar;C:\Users\user\.m2\repository\io\netty\netty-codec\4.1.100.Final\netty-codec-4.1.100.Final.jar;C:\Users\user\.m2\repository\io\netty\netty-handler\4.1.100.Final\netty-handler-4.1.100.Final.jar;C:\Users\user\.m2\repository\io\netty\netty-codec-http2\4.1.100.Final\netty-codec-http2-4.1.100.Final.jar;C:\Users\user\.m2\repository\io\netty\netty-resolver-dns\4.1.100.Final\netty-resolver-dns-4.1.100.Final.jar;C:\Users\user\.m2\repository\io\netty\netty-resolver\4.1.100.Final\netty-resolver-4.1.100.Final.jar;C:\Users\user\.m2\repository\io\netty\netty-codec-dns\4.1.100.Final\netty-codec-dns-4.1.100.Final.jar;C:\Users\user\.m2\repository\io\netty\netty-resolver-dns-native-macos\4.1.100.Final\netty-resolver-dns-native-macos-4.1.100.Final-osx-x86_64.jar;C:\Users\user\.m2\repository\io\netty\netty-resolver-dns-classes-macos\4.1.100.Final\netty-resolver-dns-classes-macos-4.1.100.Final.jar;C:\Users\user\.m2\repository\io\netty\netty-transport-native-epoll\4.1.100.Final\netty-transport-native-epoll-4.1.100.Final-linux-x86_64.jar;C:\Users\user\.m2\repository\io\netty\netty-transport-native-unix-common\4.1.100.Final\netty-transport-native-unix-common-4.1.100.Final.jar;C:\Users\user\.m2\repository\io\netty\netty-transport-classes-epoll\4.1.100.Final\netty-transport-classes-epoll-4.1.100.Final.jar;C:\Users\user\.m2\repository\io\projectreactor\netty\reactor-netty-core\1.0.38\reactor-netty-core-1.0.38.jar;C:\Users\user\.m2\repository\io\netty\netty-handler-proxy\4.1.100.Final\netty-handler-proxy-4.1.100.Final.jar;C:\Users\user\.m2\repository\io\netty\netty-codec-socks\4.1.100.Final\netty-codec-socks-4.1.100.Final.jar;C:\Users\user\.m2\repository\org\springframework\spring-webflux\5.3.30\spring-webflux-5.3.30.jar;C:\Users\user\.m2\repository\org\modelmapper\modelmapper\3.2.0\modelmapper-3.2.0.jar;C:\Users\user\.m2\repository\org\springframework\cloud\spring-cloud-starter-netflix-eureka-client\3.1.7\spring-cloud-starter-netflix-eureka-client-3.1.7.jar;C:\Users\user\.m2\repository\org\springframework\cloud\spring-cloud-starter\3.1.7\spring-cloud-starter-3.1.7.jar;C:\Users\user\.m2\repository\org\springframework\cloud\spring-cloud-context\3.1.7\spring-cloud-context-3.1.7.jar;C:\Users\user\.m2\repository\org\springframework\security\spring-security-crypto\5.7.11\spring-security-crypto-5.7.11.jar;C:\Users\user\.m2\repository\org\springframework\cloud\spring-cloud-commons\3.1.7\spring-cloud-commons-3.1.7.jar;C:\Users\user\.m2\repository\org\springframework\security\spring-security-rsa\1.0.11.RELEASE\spring-security-rsa-1.0.11.RELEASE.jar;C:\Users\user\.m2\repository\org\bouncycastle\bcpkix-jdk15on\1.69\bcpkix-jdk15on-1.69.jar;C:\Users\user\.m2\repository\org\bouncycastle\bcprov-jdk15on\1.69\bcprov-jdk15on-1.69.jar;C:\Users\user\.m2\repository\org\bouncycastle\bcutil-jdk15on\1.69\bcutil-jdk15on-1.69.jar;C:\Users\user\.m2\repository\org\springframework\cloud\spring-cloud-netflix-eureka-client\3.1.7\spring-cloud-netflix-eureka-client-3.1.7.jar;C:\Users\user\.m2\repository\com\netflix\eureka\eureka-client\1.10.17\eureka-client-1.10.17.jar;C:\Users\user\.m2\repository\com\netflix\netflix-commons\netflix-eventbus\0.3.0\netflix-eventbus-0.3.0.jar;C:\Users\user\.m2\repository\com\netflix\netflix-commons\netflix-infix\0.3.0\netflix-infix-0.3.0.jar;C:\Users\user\.m2\repository\commons-jxpath\commons-jxpath\1.3\commons-jxpath-1.3.jar;C:\Users\user\.m2\repository\joda-time\joda-time\2.3\joda-time-2.3.jar;C:\Users\user\.m2\repository\org\antlr\antlr-runtime\3.4\antlr-runtime-3.4.jar;C:\Users\user\.m2\repository\org\antlr\stringtemplate\3.2.1\stringtemplate-3.2.1.jar;C:\Users\user\.m2\repository\com\google\code\gson\gson\2.9.1\gson-2.9.1.jar;C:\Users\user\.m2\repository\org\apache\commons\commons-math\2.2\commons-math-2.2.jar;C:\Users\user\.m2\repository\com\thoughtworks\xstream\xstream\1.4.18\xstream-1.4.18.jar;C:\Users\user\.m2\repository\io\github\x-stream\mxparser\1.2.2\mxparser-1.2.2.jar;C:\Users\user\.m2\repository\xmlpull\xmlpull\1.1.3.1\xmlpull-1.1.3.1.jar;C:\Users\user\.m2\repository\javax\ws\rs\jsr311-api\1.1.1\jsr311-api-1.1.1.jar;C:\Users\user\.m2\repository\com\netflix\servo\servo-core\0.12.21\servo-core-0.12.21.jar;C:\Users\user\.m2\repository\com\google\guava\guava\19.0\guava-19.0.jar;C:\Users\user\.m2\repository\org\apache\httpcomponents\httpclient\4.5.14\httpclient-4.5.14.jar;C:\Users\user\.m2\repository\org\apache\httpcomponents\httpcore\4.4.16\httpcore-4.4.16.jar;C:\Users\user\.m2\repository\commons-codec\commons-codec\1.15\commons-codec-1.15.jar;C:\Users\user\.m2\repository\commons-configuration\commons-configuration\1.10\commons-configuration-1.10.jar;C:\Users\user\.m2\repository\commons-lang\commons-lang\2.6\commons-lang-2.6.jar;C:\Users\user\.m2\repository\com\google\inject\guice\4.1.0\guice-4.1.0.jar;C:\Users\user\.m2\repository\com\fasterxml\jackson\core\jackson-annotations\2.13.5\jackson-annotations-2.13.5.jar;C:\Users\user\.m2\repository\com\fasterxml\jackson\core\jackson-core\2.13.5\jackson-core-2.13.5.jar;C:\Users\user\.m2\repository\org\codehaus\jettison\jettison\1.4.0\jettison-1.4.0.jar;C:\Users\user\.m2\repository\com\netflix\eureka\eureka-core\1.10.17\eureka-core-1.10.17.jar;C:\Users\user\.m2\repository\org\springframework\cloud\spring-cloud-starter-loadbalancer\3.1.7\spring-cloud-starter-loadbalancer-3.1.7.jar;C:\Users\user\.m2\repository\org\springframework\cloud\spring-cloud-loadbalancer\3.1.7\spring-cloud-loadbalancer-3.1.7.jar;C:\Users\user\.m2\repository\io\projectreactor\addons\reactor-extra\3.4.10\reactor-extra-3.4.10.jar;C:\Users\user\.m2\repository\org\springframework\boot\spring-boot-starter-cache\2.7.17\spring-boot-starter-cache-2.7.17.jar;C:\Users\user\.m2\repository\org\springframework\spring-context-support\5.3.30\spring-context-support-5.3.30.jar;C:\Users\user\.m2\repository\com\stoyanr\evictor\1.0.0\evictor-1.0.0.jar;C:\Users\user\.m2\repository\org\springframework\boot\spring-boot-devtools\2.7.17\spring-boot-devtools-2.7.17.jar;C:\Users\user\.m2\repository\org\springframework\boot\spring-boot\2.7.17\spring-boot-2.7.17.jar;C:\Users\user\.m2\repository\org\springframework\boot\spring-boot-autoconfigure\2.7.17\spring-boot-autoconfigure-2.7.17.jar;C:\Users\user\.m2\repository\com\h2database\h2\2.1.214\h2-2.1.214.jar;C:\Users\user\.m2\repository\org\apache\cxf\cxf-spring-boot-starter-jaxws\4.0.3\cxf-spring-boot-starter-jaxws-4.0.3.jar;C:\Users\user\.m2\repository\org\apache\cxf\cxf-spring-boot-autoconfigure\4.0.3\cxf-spring-boot-autoconfigure-4.0.3.jar;C:\Users\user\.m2\repository\org\apache\cxf\cxf-rt-transports-http\4.0.3\cxf-rt-transports-http-4.0.3.jar;C:\Users\user\.m2\repository\org\apache\cxf\cxf-rt-frontend-jaxws\4.0.3\cxf-rt-frontend-jaxws-4.0.3.jar;C:\Users\user\.m2\repository\xml-resolver\xml-resolver\1.2\xml-resolver-1.2.jar;C:\Users\user\.m2\repository\org\ow2\asm\asm\9.5\asm-9.5.jar;C:\Users\user\.m2\repository\org\apache\cxf\cxf-rt-bindings-soap\4.0.3\cxf-rt-bindings-soap-4.0.3.jar;C:\Users\user\.m2\repository\org\apache\cxf\cxf-rt-databinding-jaxb\4.0.3\cxf-rt-databinding-jaxb-4.0.3.jar;C:\Users\user\.m2\repository\org\apache\cxf\cxf-rt-bindings-xml\4.0.3\cxf-rt-bindings-xml-4.0.3.jar;C:\Users\user\.m2\repository\org\apache\cxf\cxf-rt-frontend-simple\4.0.3\cxf-rt-frontend-simple-4.0.3.jar;C:\Users\user\.m2\repository\org\apache\cxf\cxf-rt-ws-addr\4.0.3\cxf-rt-ws-addr-4.0.3.jar;C:\Users\user\.m2\repository\org\apache\cxf\cxf-rt-ws-policy\4.0.3\cxf-rt-ws-policy-4.0.3.jar;C:\Users\user\.m2\repository\org\apache\neethi\neethi\3.2.0\neethi-3.2.0.jar;C:\Users\user\.m2\repository\org\apache\cxf\cxf-rt-features-metrics\4.0.3\cxf-rt-features-metrics-4.0.3.jar;C:\Users\user\.m2\repository\jakarta\validation\jakarta.validation-api\2.0.2\jakarta.validation-api-2.0.2.jar;C:\Users\user\.m2\repository\com\sun\xml\ws\jaxws-rt\4.0.2\jaxws-rt-4.0.2.jar;C:\Users\user\.m2\repository\com\sun\xml\bind\jaxb-impl\4.0.4\jaxb-impl-4.0.4.jar;C:\Users\user\.m2\repository\com\sun\xml\bind\jaxb-core\4.0.4\jaxb-core-4.0.4.jar;C:\Users\user\.m2\repository\org\glassfish\ha\ha-api\3.1.13\ha-api-3.1.13.jar;C:\Users\user\.m2\repository\org\glassfish\external\management-api\3.2.3\management-api-3.2.3.jar;C:\Users\user\.m2\repository\org\glassfish\gmbal\gmbal-api-only\4.0.3\gmbal-api-only-4.0.3.jar;C:\Users\user\.m2\repository\org\jvnet\staxex\stax-ex\2.1.0\stax-ex-2.1.0.jar;C:\Users\user\.m2\repository\com\sun\xml\stream\buffer\streambuffer\2.1.0\streambuffer-2.1.0.jar;C:\Users\user\.m2\repository\org\jvnet\mimepull\mimepull\1.10.0\mimepull-1.10.0.jar;C:\Users\user\.m2\repository\com\sun\xml\fastinfoset\FastInfoset\2.1.0\FastInfoset-2.1.0.jar;C:\Users\user\.m2\repository\jakarta\mail\jakarta.mail-api\1.6.7\jakarta.mail-api-1.6.7.jar;C:\Users\user\.m2\repository\org\eclipse\angus\angus-activation\2.0.1\angus-activation-2.0.1.jar;C:\Users\user\.m2\repository\org\eclipse\angus\angus-mail\2.0.2\angus-mail-2.0.2.jar;C:\Users\user\.m2\repository\com\sun\xml\messaging\saaj\saaj-impl\1.5.3\saaj-impl-1.5.3.jar;C:\Users\user\.m2\repository\com\sun\activation\jakarta.activation\1.2.2\jakarta.activation-1.2.2.jar;C:\Users\user\.m2\repository\com\fasterxml\woodstox\woodstox-core\6.5.1\woodstox-core-6.5.1.jar;C:\Users\user\.m2\repository\org\codehaus\woodstox\stax2-api\4.2.2\stax2-api-4.2.2.jar;C:\Users\user\.m2\repository\jakarta\activation\jakarta.activation-api\1.2.2\jakarta.activation-api-1.2.2.jar;C:\Users\user\.m2\repository\jakarta\xml\ws\jakarta.xml.ws-api\2.3.3\jakarta.xml.ws-api-2.3.3.jar;C:\Users\user\.m2\repository\jakarta\jws\jakarta.jws-api\2.1.0\jakarta.jws-api-2.1.0.jar;C:\Users\user\.m2\repository\jakarta\xml\bind\jakarta.xml.bind-api\2.3.3\jakarta.xml.bind-api-2.3.3.jar;C:\Users\user\.m2\repository\jakarta\xml\soap\jakarta.xml.soap-api\1.4.2\jakarta.xml.soap-api-1.4.2.jar;C:\Users\user\.m2\repository\jakarta\annotation\jakarta.annotation-api\1.3.5\jakarta.annotation-api-1.3.5.jar;C:\Users\user\.m2\repository\com\sun\activation\javax.activation\1.2.0\javax.activation-1.2.0.jar;C:\Users\user\.m2\repository\io\projectreactor\reactor-core\3.4.33\reactor-core-3.4.33.jar;C:\Users\user\.m2\repository\org\reactivestreams\reactive-streams\1.0.4\reactive-streams-1.0.4.jar;C:\Users\user\Desktop\Udacity Course\API\Vehicle\WebServicesandAPI\boogle-maps\target\classes;C:\Users\user\Desktop\Udacity Course\API\Vehicle\WebServicesandAPI\pricing-service\target\classes;C:\Users\user\.m2\repository\org\springframework\boot\spring-boot-starter-data-rest\2.7.17\spring-boot-starter-data-rest-2.7.17.jar;C:\Users\user\.m2\repository\org\springframework\data\spring-data-rest-webmvc\3.7.17\spring-data-rest-webmvc-3.7.17.jar;C:\Users\user\.m2\repository\org\springframework\data\spring-data-rest-core\3.7.17\spring-data-rest-core-3.7.17.jar;C:\Users\user\.m2\repository\org\atteo\evo-inflector\1.3\evo-inflector-1.3.jar;C:\Users\user\.m2\repository\org\springframework\cloud\spring-cloud-starter-config\3.1.8\spring-cloud-starter-config-3.1.8.jar;C:\Users\user\.m2\repository\org\springframework\cloud\spring-cloud-config-client\3.1.8\spring-cloud-config-client-3.1.8.jar;C:\Users\user\.m2\repository\com\fasterxml\jackson\core\jackson-databind\2.13.5\jackson-databind-2.13.5.jar;C:\Users\user\.m2\repository\org\apache\cxf\cxf-codegen-plugin\4.0.3\cxf-codegen-plugin-4.0.3.jar;C:\Users\user\.m2\repository\org\codehaus\plexus\plexus-utils\3.5.1\plexus-utils-3.5.1.jar;C:\Users\user\.m2\repository\org\codehaus\plexus\plexus-archiver\4.8.0\plexus-archiver-4.8.0.jar;C:\Users\user\.m2\repository\javax\inject\javax.inject\1\javax.inject-1.jar;C:\Users\user\.m2\repository\org\codehaus\plexus\plexus-io\3.4.1\plexus-io-3.4.1.jar;C:\Users\user\.m2\repository\commons-io\commons-io\2.13.0\commons-io-2.13.0.jar;C:\Users\user\.m2\repository\org\apache\commons\commons-compress\1.23.0\commons-compress-1.23.0.jar;C:\Users\user\.m2\repository\org\iq80\snappy\snappy\0.4\snappy-0.4.jar;C:\Users\user\.m2\repository\org\tukaani\xz\1.9\xz-1.9.jar;C:\Users\user\.m2\repository\com\github\luben\zstd-jni\1.5.5-5\zstd-jni-1.5.5-5.jar;C:\Users\user\.m2\repository\org\apache\cxf\cxf-core\4.0.3\cxf-core-4.0.3.jar;C:\Users\user\.m2\repository\org\apache\ws\xmlschema\xmlschema-core\2.3.1\xmlschema-core-2.3.1.jar;C:\Users\user\.m2\repository\org\apache\cxf\cxf-tools-common\4.0.3\cxf-tools-common-4.0.3.jar;C:\Users\user\.m2\repository\org\apache\velocity\velocity-engine-core\2.3\velocity-engine-core-2.3.jar;C:\Users\user\.m2\repository\org\apache\commons\commons-lang3\3.12.0\commons-lang3-3.12.0.jar;C:\Users\user\.m2\repository\wsdl4j\wsdl4j\1.6.3\wsdl4j-1.6.3.jar;C:\Users\user\.m2\repository\org\glassfish\jaxb\jaxb-xjc\2.3.8\jaxb-xjc-2.3.8.jar;C:\Users\user\.m2\repository\org\glassfish\jaxb\xsom\2.3.8\xsom-2.3.8.jar;C:\Users\user\.m2\repository\com\sun\xml\bind\external\relaxng-datatype\2.3.8\relaxng-datatype-2.3.8.jar;C:\Users\user\.m2\repository\org\glassfish\jaxb\codemodel\2.3.8\codemodel-2.3.8.jar;C:\Users\user\.m2\repository\com\sun\xml\bind\external\rngom\2.3.8\rngom-2.3.8.jar;C:\Users\user\.m2\repository\com\sun\xml\dtd-parser\dtd-parser\1.4.5\dtd-parser-1.4.5.jar;C:\Users\user\.m2\repository\com\sun\istack\istack-commons-tools\3.0.12\istack-commons-tools-3.0.12.jar;C:\Users\user\.m2\repository\org\apache\cxf\cxf-tools-wsdlto-core\4.0.3\cxf-tools-wsdlto-core-4.0.3.jar;C:\Users\user\.m2\repository\org\apache\cxf\cxf-tools-validator\4.0.3\cxf-tools-validator-4.0.3.jar;C:\Users\user\.m2\repository\org\apache\cxf\cxf-rt-wsdl\4.0.3\cxf-rt-wsdl-4.0.3.jar;C:\Users\user\.m2\repository\org\apache\cxf\cxf-tools-wsdlto-databinding-jaxb\4.0.3\cxf-tools-wsdlto-databinding-jaxb-4.0.3.jar;C:\Users\user\.m2\repository\org\apache\cxf\cxf-tools-wsdlto-frontend-jaxws\4.0.3\cxf-tools-wsdlto-frontend-jaxws-4.0.3.jar;C:\Users\user\.m2\repository\org\apache\commons\commons-text\1.10.0\commons-text-1.10.0.jar;C:\Users\user\.m2\repository\org\apache\cxf\cxf-tools-wsdlto-frontend-javascript\4.0.3\cxf-tools-wsdlto-frontend-javascript-4.0.3.jar;C:\Users\user\.m2\repository\org\apache\cxf\cxf-rt-javascript\4.0.3\cxf-rt-javascript-4.0.3.jar
Launcher Type: SUN_STANDARD

[Global flags]
     intx CICompilerCount                          = 4                                         {product} {ergonomic}
     uint ConcGCThreads                            = 2                                         {product} {ergonomic}
     uint G1ConcRefinementThreads                  = 8                                         {product} {ergonomic}
   size_t G1HeapRegionSize                         = 2097152                                   {product} {ergonomic}
    uintx GCDrainStackTargetSize                   = 64                                        {product} {ergonomic}
   size_t InitialHeapSize                          = 264241152                                 {product} {ergonomic}
   size_t MarkStackSize                            = 4194304                                   {product} {ergonomic}
   size_t MaxHeapSize                              = 4223664128                                {product} {ergonomic}
   size_t MinHeapDeltaBytes                        = 2097152                                   {product} {ergonomic}
   size_t MinHeapSize                              = 8388608                                   {product} {ergonomic}
    uintx NonNMethodCodeHeapSize                   = 5839372                                {pd product} {ergonomic}
    uintx NonProfiledCodeHeapSize                  = 122909434                              {pd product} {ergonomic}
    uintx ProfiledCodeHeapSize                     = 122909434                              {pd product} {ergonomic}
    uintx ReservedCodeCacheSize                    = 251658240                              {pd product} {ergonomic}
     bool SegmentedCodeCache                       = true                                      {product} {ergonomic}
   size_t SoftMaxHeapSize                          = 4223664128                             {manageable} {ergonomic}
     bool UseCompressedClassPointers               = true                           {product lp64_product} {ergonomic}
     bool UseCompressedOops                        = true                           {product lp64_product} {ergonomic}
     bool UseG1GC                                  = true                                      {product} {ergonomic}
     bool UseLargePagesIndividualAllocation        = false                                  {pd product} {ergonomic}

Logging:
Log output configuration:
 #0: stdout all=warning uptime,level,tags foldmultilines=false
 #1: stderr all=off uptime,level,tags foldmultilines=false

Environment Variables:
PATH=C:\Program Files\Common Files\Oracle\Java\javapath;C:\Windows\system32;C:\Windows;C:\Windows\System32\Wbem;C:\Windows\System32\WindowsPowerShell\v1.0\;C:\Windows\System32\OpenSSH\;C:\Program Files\dotnet\;C:\MinGW\bin;C:\Program Files\Git\cmd;C:\Program Files\nodejs;C:\Program Files\nodejs\node_modules\npm;C:\Program Files\nodejs\node_modules\npm;C:\Users\user\Desktop\Udacity Course\API\DOG PROJ SOL\FINAL PROJECT NEW\;C:\Program Files\PuTTY\;C:\Program Files\WinMerge;C:\Program Files\TortoiseGit\bin;C:\Users\user\AppData\Local\Programs\Python\Python311\Scripts\;C:\Users\user\AppData\Local\Programs\Python\Python311\;C:\Users\user\AppData\Local\Microsoft\WindowsApps;;C:\Users\user\AppData\Local\Programs\Microsoft VS Code\bin;C:\Users\user\AppData\Roaming\npm
USERNAME=Nimish
OS=Windows_NT
PROCESSOR_IDENTIFIER=Intel64 Family 6 Model 140 Stepping 1, GenuineIntel
TMP=C:\Users\user\AppData\Local\Temp
TEMP=C:\Users\user\AppData\Local\Temp




---------------  S Y S T E M  ---------------

OS:
 Windows 10 , 64 bit Build 19041 (10.0.19041.3636)
OS uptime: 9 days 2:12 hours

CPU: total 8 (initial active 8) (4 cores per cpu, 2 threads per core) family 6 model 140 stepping 1 microcode 0xac, cx8, cmov, fxsr, ht, mmx, 3dnowpref, sse, sse2, sse3, ssse3, sse4.1, sse4.2, popcnt, lzcnt, tsc, tscinvbit, avx, avx2, aes, erms, clmul, bmi1, bmi2, adx, avx512f, avx512dq, avx512cd, avx512bw, avx512vl, sha, fma, vzeroupper, avx512_vpopcntdq, avx512_vpclmulqdq, avx512_vaes, avx512_vnni, clflush, clflushopt, clwb, avx512_vbmi2, avx512_vbmi, rdtscp, rdpid, fsrm, gfni, avx512_bitalg, f16c, pku, cet_ibt, cet_ss, avx512_ifma

Memory: 4k page, system-wide physical 16106M (3580M free)
TotalPageFile size 18154M (AvailPageFile size 212M)
current process WorkingSet (physical memory assigned to process): 10M, peak: 10M
current process commit charge ("private bytes"): 60M, peak: 312M

vm_info: OpenJDK 64-Bit Server VM (20.0.1+9-29) for windows-amd64 JRE (20.0.1+9-29), built on 2023-03-07T13:56:11Z by "mach5one" with MS VC++ 17.1 (VS2022)

END.
